2023-07-14 10:11:14.944579: I tensorflow/core/util/port.cc:110] oneDNN custom operations are on. You may see slightly different numerical results due to floating-point round-off errors from different computation orders. To turn them off, set the environment variable `TF_ENABLE_ONEDNN_OPTS=0`.
2023-07-14 10:11:14.978490: I tensorflow/core/platform/cpu_feature_guard.cc:182] This TensorFlow binary is optimized to use available CPU instructions in performance-critical operations.
To enable the following instructions: AVX2 AVX512F AVX512_VNNI FMA, in other operations, rebuild TensorFlow with the appropriate compiler flags.
2023-07-14 10:11:15.457487: W tensorflow/compiler/tf2tensorrt/utils/py_utils.cc:38] TF-TRT Warning: Could not find TensorRT
2023-07-14 10:11:17.234799: I tensorflow/core/common_runtime/gpu/gpu_device.cc:1635] Created device /job:localhost/replica:0/task:0/device:GPU:0 with 22301 MB memory:  -> device: 0, name: NVIDIA RTX A5000, pci bus id: 0000:19:00.0, compute capability: 8.6
2023-07-14 10:11:25.827804: I tensorflow/core/common_runtime/executor.cc:1197] [/device:CPU:0] (DEBUG INFO) Executor start aborting (this does not indicate an error and you can ignore this message): INVALID_ARGUMENT: You must feed a value for placeholder tensor 'Placeholder/_0' with dtype double and shape [20833,32,32,3]
	 [[{{node Placeholder/_0}}]]
2023-07-14 10:11:25.828075: I tensorflow/core/common_runtime/executor.cc:1197] [/device:CPU:0] (DEBUG INFO) Executor start aborting (this does not indicate an error and you can ignore this message): INVALID_ARGUMENT: You must feed a value for placeholder tensor 'Placeholder/_0' with dtype double and shape [20833,32,32,3]
	 [[{{node Placeholder/_0}}]]
2023-07-14 10:11:29.661074: I tensorflow/compiler/xla/stream_executor/cuda/cuda_dnn.cc:424] Loaded cuDNN version 8600
2023-07-14 10:11:30.676690: I tensorflow/compiler/xla/stream_executor/cuda/cuda_blas.cc:637] TensorFloat-32 will be used for the matrix multiplication. This will only be logged once.
2023-07-14 10:11:31.680645: I tensorflow/compiler/xla/service/service.cc:169] XLA service 0x7f14fb723bb0 initialized for platform CUDA (this does not guarantee that XLA will be used). Devices:
2023-07-14 10:11:31.680679: I tensorflow/compiler/xla/service/service.cc:177]   StreamExecutor device (0): NVIDIA RTX A5000, Compute Capability 8.6
2023-07-14 10:11:31.739227: I ./tensorflow/compiler/jit/device_compiler.h:180] Compiled cluster using XLA!  This line is logged at most once for the lifetime of the process.
2023-07-14 10:11:46.525840: I tensorflow/core/common_runtime/executor.cc:1197] [/device:CPU:0] (DEBUG INFO) Executor start aborting (this does not indicate an error and you can ignore this message): INVALID_ARGUMENT: You must feed a value for placeholder tensor 'Placeholder/_1' with dtype float and shape [10000,10]
	 [[{{node Placeholder/_1}}]]
2023-07-14 10:14:37.754608: I tensorflow/core/util/port.cc:110] oneDNN custom operations are on. You may see slightly different numerical results due to floating-point round-off errors from different computation orders. To turn them off, set the environment variable `TF_ENABLE_ONEDNN_OPTS=0`.
2023-07-14 10:14:37.789332: I tensorflow/core/platform/cpu_feature_guard.cc:182] This TensorFlow binary is optimized to use available CPU instructions in performance-critical operations.
To enable the following instructions: AVX2 AVX512F AVX512_VNNI FMA, in other operations, rebuild TensorFlow with the appropriate compiler flags.
2023-07-14 10:14:38.282840: W tensorflow/compiler/tf2tensorrt/utils/py_utils.cc:38] TF-TRT Warning: Could not find TensorRT
2023-07-14 10:14:40.068549: I tensorflow/core/common_runtime/gpu/gpu_device.cc:1635] Created device /job:localhost/replica:0/task:0/device:GPU:0 with 22301 MB memory:  -> device: 0, name: NVIDIA RTX A5000, pci bus id: 0000:19:00.0, compute capability: 8.6
2023-07-14 10:14:51.311763: I tensorflow/core/common_runtime/executor.cc:1197] [/device:CPU:0] (DEBUG INFO) Executor start aborting (this does not indicate an error and you can ignore this message): INVALID_ARGUMENT: You must feed a value for placeholder tensor 'Placeholder/_1' with dtype float and shape [20833,10]
	 [[{{node Placeholder/_1}}]]
2023-07-14 10:14:51.312019: I tensorflow/core/common_runtime/executor.cc:1197] [/device:CPU:0] (DEBUG INFO) Executor start aborting (this does not indicate an error and you can ignore this message): INVALID_ARGUMENT: You must feed a value for placeholder tensor 'Placeholder/_1' with dtype float and shape [20833,10]
	 [[{{node Placeholder/_1}}]]
2023-07-14 10:14:56.425579: I tensorflow/compiler/xla/stream_executor/cuda/cuda_dnn.cc:424] Loaded cuDNN version 8600
2023-07-14 10:14:57.640740: I tensorflow/compiler/xla/stream_executor/cuda/cuda_blas.cc:637] TensorFloat-32 will be used for the matrix multiplication. This will only be logged once.
2023-07-14 10:14:58.728852: I tensorflow/compiler/xla/service/service.cc:169] XLA service 0x7f3b4f9e4ce0 initialized for platform CUDA (this does not guarantee that XLA will be used). Devices:
2023-07-14 10:14:58.728902: I tensorflow/compiler/xla/service/service.cc:177]   StreamExecutor device (0): NVIDIA RTX A5000, Compute Capability 8.6
2023-07-14 10:14:58.824777: I ./tensorflow/compiler/jit/device_compiler.h:180] Compiled cluster using XLA!  This line is logged at most once for the lifetime of the process.
2023-07-14 10:15:14.706499: I tensorflow/core/common_runtime/executor.cc:1197] [/device:CPU:0] (DEBUG INFO) Executor start aborting (this does not indicate an error and you can ignore this message): INVALID_ARGUMENT: You must feed a value for placeholder tensor 'Placeholder/_1' with dtype float and shape [10000,10]
	 [[{{node Placeholder/_1}}]]
