2023-07-14 10:11:28.559842: I tensorflow/core/util/port.cc:110] oneDNN custom operations are on. You may see slightly different numerical results due to floating-point round-off errors from different computation orders. To turn them off, set the environment variable `TF_ENABLE_ONEDNN_OPTS=0`.
2023-07-14 10:11:28.594157: I tensorflow/core/platform/cpu_feature_guard.cc:182] This TensorFlow binary is optimized to use available CPU instructions in performance-critical operations.
To enable the following instructions: AVX2 AVX512F AVX512_VNNI FMA, in other operations, rebuild TensorFlow with the appropriate compiler flags.
2023-07-14 10:11:29.111355: W tensorflow/compiler/tf2tensorrt/utils/py_utils.cc:38] TF-TRT Warning: Could not find TensorRT
2023-07-14 10:11:30.607230: I tensorflow/core/common_runtime/gpu/gpu_device.cc:1635] Created device /job:localhost/replica:0/task:0/device:GPU:0 with 22301 MB memory:  -> device: 1, name: NVIDIA RTX A5000, pci bus id: 0000:8d:00.0, compute capability: 8.6
2023-07-14 10:11:38.681226: I tensorflow/core/common_runtime/executor.cc:1197] [/device:CPU:0] (DEBUG INFO) Executor start aborting (this does not indicate an error and you can ignore this message): INVALID_ARGUMENT: You must feed a value for placeholder tensor 'Placeholder/_0' with dtype double and shape [8335,32,32,3]
	 [[{{node Placeholder/_0}}]]
2023-07-14 10:11:38.681479: I tensorflow/core/common_runtime/executor.cc:1197] [/device:CPU:0] (DEBUG INFO) Executor start aborting (this does not indicate an error and you can ignore this message): INVALID_ARGUMENT: You must feed a value for placeholder tensor 'Placeholder/_0' with dtype double and shape [8335,32,32,3]
	 [[{{node Placeholder/_0}}]]
2023-07-14 10:11:42.411919: I tensorflow/compiler/xla/stream_executor/cuda/cuda_dnn.cc:424] Loaded cuDNN version 8600
2023-07-14 10:11:43.453189: I tensorflow/compiler/xla/stream_executor/cuda/cuda_blas.cc:637] TensorFloat-32 will be used for the matrix multiplication. This will only be logged once.
2023-07-14 10:11:44.434903: I tensorflow/compiler/xla/service/service.cc:169] XLA service 0x7f230e777ef0 initialized for platform CUDA (this does not guarantee that XLA will be used). Devices:
2023-07-14 10:11:44.434938: I tensorflow/compiler/xla/service/service.cc:177]   StreamExecutor device (0): NVIDIA RTX A5000, Compute Capability 8.6
2023-07-14 10:11:44.509637: I ./tensorflow/compiler/jit/device_compiler.h:180] Compiled cluster using XLA!  This line is logged at most once for the lifetime of the process.
2023-07-14 10:11:52.954638: I tensorflow/core/common_runtime/executor.cc:1197] [/device:CPU:0] (DEBUG INFO) Executor start aborting (this does not indicate an error and you can ignore this message): INVALID_ARGUMENT: You must feed a value for placeholder tensor 'Placeholder/_1' with dtype float and shape [10000,10]
	 [[{{node Placeholder/_1}}]]
2023-07-14 10:14:43.385082: I tensorflow/core/util/port.cc:110] oneDNN custom operations are on. You may see slightly different numerical results due to floating-point round-off errors from different computation orders. To turn them off, set the environment variable `TF_ENABLE_ONEDNN_OPTS=0`.
2023-07-14 10:14:43.418749: I tensorflow/core/platform/cpu_feature_guard.cc:182] This TensorFlow binary is optimized to use available CPU instructions in performance-critical operations.
To enable the following instructions: AVX2 AVX512F AVX512_VNNI FMA, in other operations, rebuild TensorFlow with the appropriate compiler flags.
2023-07-14 10:14:43.901610: W tensorflow/compiler/tf2tensorrt/utils/py_utils.cc:38] TF-TRT Warning: Could not find TensorRT
2023-07-14 10:14:45.347614: I tensorflow/core/common_runtime/gpu/gpu_device.cc:1635] Created device /job:localhost/replica:0/task:0/device:GPU:0 with 22301 MB memory:  -> device: 1, name: NVIDIA RTX A5000, pci bus id: 0000:8d:00.0, compute capability: 8.6
2023-07-14 10:14:52.945830: I tensorflow/core/common_runtime/executor.cc:1197] [/device:CPU:0] (DEBUG INFO) Executor start aborting (this does not indicate an error and you can ignore this message): INVALID_ARGUMENT: You must feed a value for placeholder tensor 'Placeholder/_1' with dtype float and shape [8335,10]
	 [[{{node Placeholder/_1}}]]
2023-07-14 10:14:52.946112: I tensorflow/core/common_runtime/executor.cc:1197] [/device:CPU:0] (DEBUG INFO) Executor start aborting (this does not indicate an error and you can ignore this message): INVALID_ARGUMENT: You must feed a value for placeholder tensor 'Placeholder/_1' with dtype float and shape [8335,10]
	 [[{{node Placeholder/_1}}]]
2023-07-14 10:14:57.818174: I tensorflow/compiler/xla/stream_executor/cuda/cuda_dnn.cc:424] Loaded cuDNN version 8600
2023-07-14 10:14:59.042930: I tensorflow/compiler/xla/stream_executor/cuda/cuda_blas.cc:637] TensorFloat-32 will be used for the matrix multiplication. This will only be logged once.
2023-07-14 10:15:00.083527: I tensorflow/compiler/xla/service/service.cc:169] XLA service 0x7f5e7d9f61a0 initialized for platform CUDA (this does not guarantee that XLA will be used). Devices:
2023-07-14 10:15:00.083572: I tensorflow/compiler/xla/service/service.cc:177]   StreamExecutor device (0): NVIDIA RTX A5000, Compute Capability 8.6
2023-07-14 10:15:00.166000: I ./tensorflow/compiler/jit/device_compiler.h:180] Compiled cluster using XLA!  This line is logged at most once for the lifetime of the process.
2023-07-14 10:15:09.588459: I tensorflow/core/common_runtime/executor.cc:1197] [/device:CPU:0] (DEBUG INFO) Executor start aborting (this does not indicate an error and you can ignore this message): INVALID_ARGUMENT: You must feed a value for placeholder tensor 'Placeholder/_1' with dtype float and shape [10000,10]
	 [[{{node Placeholder/_1}}]]
